2025-07-08 16:14:32,139 - ERROR - 譁勖ｻｶ譛ｪ謇ｾ蛻ｰ: pinyin/hanzi_pinyin.yaml
2025-07-08 16:15:06,715 - ERROR - 譁勖ｻｶ譛ｪ謇ｾ蛻ｰ: pinyin/hanzi_pinyin.yaml
2025-07-08 16:16:01,328 - ERROR - 譁勖ｻｶ譛ｪ謇ｾ蛻ｰ: pinyin/hanzi_pinyin.yaml
2025-07-08 16:16:50,795 - ERROR - 譁勖ｻｶ譛ｪ謇ｾ蛻ｰ: pinyin/hanzi_pinyin.yaml
2025-07-12 22:50:25,890 - ERROR - 魹ｽﾄｼ魹ｽﾎｴ魹ｽﾒｵ魹ｽ: pinyin/hanzi_pinyin.yaml
2025-07-12 22:56:40,088 - INFO - 
魹ｽ魹ｽﾏｸﾗｪ魹ｽ魹ｽ魹ｽ魹ｽ魹ｽ魹ｽ:
2025-07-12 22:56:40,089 - INFO - ============================================================
2025-07-12 22:56:40,089 - INFO - 魹ｽ魹ｽ魹ｽ魹ｽ魹ｽ魹ｽ: 99365
2025-07-12 22:56:40,089 - INFO - 魹ｽﾉｹ魹ｽﾗｪ魹ｽ魹ｽ: 99365 魹ｽ魹ｽ
2025-07-12 22:56:40,089 - INFO - 魹ｽ魹ｽ魹ｽﾖｸ魹ｽ魹ｽ魹ｽ魹ｽ魹ｽ魹ｽ魹ｽ魹ｽ魹ｽ魹ｽ: 0 魹ｽ魹ｽ
2025-07-12 22:56:40,089 - INFO - 魹ｽ魹ｽ魹ｽ魹ｽ: 0 魹ｽ魹ｽ
2025-07-12 22:56:40,090 - INFO - ﾗ｢魹ｽ魹ｽ魹ｽ魹ｽ: 0 魹ｽ魹ｽ
2025-07-12 22:56:40,090 - INFO - 魹ｽ魹ｽﾊｽ魹ｽ魹ｽ魹ｽ魹ｽ魹ｽ魹ｽ: 0 魹ｽ魹ｽ
2025-07-12 22:56:40,090 - INFO - 
魹ｽ魹ｽ魹ｽ魹ｽ魹ｽﾜｺ魹ｽ: 99365 魹ｽ魹ｽ
2025-07-12 22:56:40,090 - INFO - 魹ｽ魹ｽ魹ｽ魹ｽ: 0 魹ｽ魹ｽ
2025-07-12 22:56:40,090 - INFO - 
魹ｽ魹ｽ魹ｽ魹ｽ魹ｽ魹ｽﾍｳ魹ｽ魹ｽ:
2025-07-12 22:56:40,090 - INFO - 魹ｽ魹ｽ魹ｽ魹ｽ魹ｽ魹ｽ魹ｽ魹ｽ魹ｽ魹ｽ: 5059
2025-07-12 22:56:40,090 - INFO - 魹ｽ魹ｽ魹ｽ魹ｽ魹ｽ魹ｽ魹ｽ魹ｽ魹ｽ魹ｽ: 36216
